2026-04-23 19:01:31 | INFO     | src.utils            | Compute device: CPU (no accelerator detected)
2026-04-23 19:01:31 | INFO     | __main__             | ======================================================================
2026-04-23 19:01:31 | INFO     | __main__             | VESSELMNIST3D — 3D ResNet-SE Training
2026-04-23 19:01:31 | INFO     | __main__             | ======================================================================
2026-04-23 19:01:31 | INFO     | __main__             | Loading datasets …
2026-04-23 19:01:31 | INFO     | src.dataset          | Training augmentations: [RandomFlip3D, RandomRotate3D, RandomIntensityShift, GaussianNoise3D]
2026-04-23 19:01:31 | INFO     | src.dataset          | Loading VesselMNIST3D [train] — 1335 samples | task: binary-class | labels: {'0': 'vessel', '1': 'aneurysm'}
2026-04-23 19:01:36 | INFO     | src.dataset          |   images: (1335, 28, 28, 28)  dtype: uint8 | labels: (1335, 1)
2026-04-23 19:01:36 | INFO     | src.dataset          | Train DataLoader — 1335 samples | 41 batches | augment=True
2026-04-23 19:01:36 | INFO     | src.dataset          | Loading VesselMNIST3D [val] — 191 samples | task: binary-class | labels: {'0': 'vessel', '1': 'aneurysm'}
2026-04-23 19:01:36 | INFO     | src.dataset          |   images: (191, 28, 28, 28)  dtype: uint8 | labels: (191, 1)
2026-04-23 19:01:36 | INFO     | src.dataset          | Val DataLoader — 191 samples | 6 batches | augment=False
2026-04-23 19:01:36 | INFO     | src.dataset          | Loading VesselMNIST3D [test] — 382 samples | task: binary-class | labels: {'0': 'vessel', '1': 'aneurysm'}
2026-04-23 19:01:36 | INFO     | src.dataset          |   images: (382, 28, 28, 28)  dtype: uint8 | labels: (382, 1)
2026-04-23 19:01:36 | INFO     | src.dataset          | Test DataLoader — 382 samples | 12 batches | augment=False
2026-04-23 19:01:36 | INFO     | __main__             | Building model …
2026-04-23 19:01:36 | INFO     | src.model            | ResNet3D-SE built | base_ch=32 | SE=True | total params: 8,364,450 | trainable: 8,364,450
2026-04-23 19:01:36 | INFO     | __main__             | Class counts → {0: 1185, 1: 150}  |  CE weights → [0.563, 4.450]
2026-04-23 19:01:36 | INFO     | __main__             | AdamW | lr=1.0e-03 | wd=1.0e-02 | decay params=42 | no-decay params=38
2026-04-23 19:01:36 | INFO     | __main__             | LR schedule: warmup(5 ep) → cosine(T_max=95, eta_min=1e-6)
2026-04-23 19:01:36 | INFO     | __main__             | TensorBoard log dir: outputs\logs\tensorboard
2026-04-23 19:01:36 | INFO     | __main__             |   → run: tensorboard --logdir outputs\logs\tensorboard
2026-04-23 19:01:36 | INFO     | __main__             | Starting training — 100 epochs on cpu
2026-04-23 19:01:36 | INFO     | __main__             | ======================================================================
